[debug] [2023-08-18T17:13:33.324Z] ----------------------------------------------------------------------
[debug] [2023-08-18T17:13:33.328Z] Command:       C:\Program Files\nodejs\node.exe C:\Users\bajir\AppData\Roaming\npm\node_modules\firebase-tools\lib\bin\firebase.js login
[debug] [2023-08-18T17:13:33.330Z] CLI Version:   12.4.8
[debug] [2023-08-18T17:13:33.331Z] Platform:      win32
[debug] [2023-08-18T17:13:33.331Z] Node Version:  v18.16.1
[debug] [2023-08-18T17:13:33.344Z] Time:          Sat Aug 19 2023 00:13:33 GMT+0700 (เวลาอินโดจีน)
[debug] [2023-08-18T17:13:33.345Z] ----------------------------------------------------------------------
[debug] 
[info] i  Firebase optionally collects CLI and Emulator Suite usage and error reporting information to help improve our products. Data is collected in accordance with Google's privacy policy (https://policies.google.com/privacy) and is not used to identify you.
 
[info] i  To change your data collection preference at any time, run `firebase logout` and log in again. 
[info] 
[info] Visit this URL on this device to log in:
[info] https://accounts.google.com/o/oauth2/auth?client_id=563584335869-fgrhgmd47bqnekij5i8b5pr03ho849e6.apps.googleusercontent.com&scope=email%20openid%20https%3A%2F%2Fwww.googleapis.com%2Fauth%2Fcloudplatformprojects.readonly%20https%3A%2F%2Fwww.googleapis.com%2Fauth%2Ffirebase%20https%3A%2F%2Fwww.googleapis.com%2Fauth%2Fcloud-platform&response_type=code&state=402171233&redirect_uri=http%3A%2F%2Flocalhost%3A9005
[info] 
[info] Waiting for authentication...
[debug] [2023-08-18T17:13:35.859Z] Unable to open URL: Error: spawn UNKNOWN
    at ChildProcess.spawn (node:internal/child_process:413:11)
    at Object.spawn (node:child_process:757:9)
    at module.exports (C:\Users\bajir\AppData\Roaming\npm\node_modules\firebase-tools\node_modules\open\index.js:114:34)
    at open (C:\Users\bajir\AppData\Roaming\npm\node_modules\firebase-tools\lib\auth.js:139:5)
    at Server.<anonymous> (C:\Users\bajir\AppData\Roaming\npm\node_modules\firebase-tools\lib\auth.js:371:13)
    at Object.onceWrapper (node:events:627:28)
    at Server.emit (node:events:513:28)
    at Server.emit (node:domain:489:12)
    at emitListeningNT (node:net:1774:10)
    at process.processTicksAndRejections (node:internal/process/task_queues:81:21)
